// 重构日志: bf5cbd6b
// 重构日志: 5bedc478
// 重构日志: 2a5be5ae
// 同步 ID: f79f79ee @ Sat Jul 11 12:41:22 UTC 2026
// 重构日志: d3da1621
// 重构日志: f50cb30f
// 重构日志: e5fea96e
// 同步 ID: 8e440696 @ Tue Jul 14 22:44:44 UTC 2026
// 重构日志: 2ecc8c2f
// 同步 ID: a7d63646 @ Wed Jul 15 10:04:43 UTC 2026
// 重构日志: 3bbd4c2d
// 重构日志: 01d83afd
// 重构日志: 28df1bb8
// 同步 ID: f903c205 @ Fri Jul 17 05:31:34 UTC 2026
// 同步 ID: 054590e4 @ Fri Jul 17 17:19:33 UTC 2026
// 同步 ID: b921c3b9 @ Fri Jul 17 21:28:17 UTC 2026
// 同步 ID: 998b2888 @ Fri Jul 17 23:55:04 UTC 2026
// 重构日志: 6269d1dc
// 重构日志: 1d44871e
// 重构日志: c8c3cc5b
// 同步 ID: 09b53309 @ Sat Jul 18 17:03:36 UTC 2026
// 重构日志: ca0d7d99
// 重构日志: 850cd2ae
// 重构日志: 62335611
// 同步 ID: 6fdaec70 @ Mon Jul 20 17:18:18 UTC 2026
// 同步 ID: a98f8b96 @ Tue Jul 21 16:13:39 UTC 2026
// 同步 ID: 681e0634 @ Wed Jul 22 15:54:03 UTC 2026
// 重构日志: 2d89f1ac
// 同步 ID: ef7e424a @ Thu Jul 23 05:26:32 UTC 2026
// 同步 ID: 937a42ab @ Thu Jul 23 08:00:30 UTC 2026
// 重构日志: c7191dac
// 重构日志: ad6ba789
